  Camera.cpp
  EBO.cpp
  Main.cpp
  Mesh.cpp
C:\Users\Oling\Downloads\VictorGordan opengl-tutorials main YoutubeOpenGL%2029%20-%20HDR\YoutubeOpenGL 29 - HDR\Mesh.cpp(80,43): warning C4267: 'argument': conversion from 'size_t' to 'GLsizei', possible loss of data
  Model.cpp
C:\Users\Oling\Downloads\VictorGordan opengl-tutorials main YoutubeOpenGL%2029%20-%20HDR\YoutubeOpenGL 29 - HDR\Model.cpp(262,91): warning C4267: 'argument': conversion from 'size_t' to 'GLuint', possible loss of data
C:\Users\Oling\Downloads\VictorGordan opengl-tutorials main YoutubeOpenGL%2029%20-%20HDR\YoutubeOpenGL 29 - HDR\Model.cpp(270,93): warning C4267: 'argument': conversion from 'size_t' to 'GLuint', possible loss of data
  shaderClass.cpp
  stb.cpp
  Texture.cpp
  VAO.cpp
C:\Users\Oling\Downloads\VictorGordan opengl-tutorials main YoutubeOpenGL%2029%20-%20HDR\YoutubeOpenGL 29 - HDR\VAO.cpp(13,63): warning C4244: 'argument': conversion from 'GLsizeiptr' to 'GLsizei', possible loss of data
  VBO.cpp
  Generating Code...
  glad.c
glfw3.lib(input.obj) : warning LNK4099: PDB '' was not found with 'glfw3.lib(input.obj)' or at ''; linking object as if no debug info
glfw3.lib(init.obj) : warning LNK4099: PDB '' was not found with 'glfw3.lib(init.obj)' or at ''; linking object as if no debug info
glfw3.lib(window.obj) : warning LNK4099: PDB '' was not found with 'glfw3.lib(window.obj)' or at ''; linking object as if no debug info
glfw3.lib(context.obj) : warning LNK4099: PDB '' was not found with 'glfw3.lib(context.obj)' or at ''; linking object as if no debug info
glfw3.lib(win32_window.obj) : warning LNK4099: PDB '' was not found with 'glfw3.lib(win32_window.obj)' or at ''; linking object as if no debug info
glfw3.lib(win32_joystick.obj) : warning LNK4099: PDB '' was not found with 'glfw3.lib(win32_joystick.obj)' or at ''; linking object as if no debug info
glfw3.lib(win32_time.obj) : warning LNK4099: PDB '' was not found with 'glfw3.lib(win32_time.obj)' or at ''; linking object as if no debug info
glfw3.lib(win32_init.obj) : warning LNK4099: PDB '' was not found with 'glfw3.lib(win32_init.obj)' or at ''; linking object as if no debug info
glfw3.lib(win32_monitor.obj) : warning LNK4099: PDB '' was not found with 'glfw3.lib(win32_monitor.obj)' or at ''; linking object as if no debug info
glfw3.lib(win32_thread.obj) : warning LNK4099: PDB '' was not found with 'glfw3.lib(win32_thread.obj)' or at ''; linking object as if no debug info
glfw3.lib(monitor.obj) : warning LNK4099: PDB '' was not found with 'glfw3.lib(monitor.obj)' or at ''; linking object as if no debug info
glfw3.lib(vulkan.obj) : warning LNK4099: PDB '' was not found with 'glfw3.lib(vulkan.obj)' or at ''; linking object as if no debug info
glfw3.lib(wgl_context.obj) : warning LNK4099: PDB '' was not found with 'glfw3.lib(wgl_context.obj)' or at ''; linking object as if no debug info
glfw3.lib(egl_context.obj) : warning LNK4099: PDB '' was not found with 'glfw3.lib(egl_context.obj)' or at ''; linking object as if no debug info
glfw3.lib(osmesa_context.obj) : warning LNK4099: PDB '' was not found with 'glfw3.lib(osmesa_context.obj)' or at ''; linking object as if no debug info
  YoutubeOpenGL.vcxproj -> C:\Users\Oling\Downloads\VictorGordan opengl-tutorials main YoutubeOpenGL%2029%20-%20HDR\YoutubeOpenGL 29 - HDR\x64\Debug\YoutubeOpenGL.exe
